<?xml version="1.0" encoding="UTF-8"?>
<!-- Generated by org.testng.reporters.JUnitXMLReporter -->
<testsuite ignored="1" hostname="DESKTOP-VMLBR8N" failures="0" tests="1" name="Default test(failed)" time="0.09" errors="0" timestamp="2023-06-22T23:35:44 IST">
  <testcase classname="utilPack.BaseTest" name="@BeforeMethod initializeDriver" time="-1.687457143994E9">
    <failure type="org.testng.TestNGException" message="
Parameter &amp;apos;Browser&amp;apos; is required by BeforeMethod on method initializeDriver but has not been marked @Optional or defined
in C:\Users\ASUS\git\EdissAppJavaProject\EdisAppJavaProject\test-output\testng-failed.xml">
      <![CDATA[org.testng.TestNGException: 
Parameter 'Browser' is required by BeforeMethod on method initializeDriver but has not been marked @Optional or defined
in C:\Users\ASUS\git\EdissAppJavaProject\EdisAppJavaProject\test-output\testng-failed.xml
at java.base/java.util.ArrayList.forEach(ArrayList.java:1511)
... Removed 28 stack frames]]>
    </failure>
  </testcase> <!-- @BeforeMethod initializeDriver -->
  <testcase classname="utilPack.BaseTest" name="@AfterMethod closeDriver" time="-1.687457144021E9">
    <skipped/>
  </testcase> <!-- @AfterMethod closeDriver -->
  <testcase classname="testScenario.HomePage.TestExecution" name="TC01_PayRollTest" time="0.0">
    <skipped/>
  </testcase> <!-- TC01_PayRollTest -->
  <testcase classname="testScenario.HomePage.TestExecution" name="TC01_PayRollTest1" time="0.0">
    <ignored/>
  </testcase> <!-- TC01_PayRollTest1 -->
</testsuite> <!-- Default test(failed) -->
