<?xml version="1.0" encoding="UTF-8"?>
<!-- Generated by org.testng.reporters.JUnitXMLReporter -->
<testsuite ignored="4" hostname="LAPTOP-VLB28U7D" failures="2" tests="3" name="Chrome_Qa Payable" time="20.643" errors="0" timestamp="2021-01-24T18:28:18 IST">
  <testcase classname="testPage.MavenPageObject.LoginTest" name="checkLogin" time="4.081"/>
  <testcase classname="testPage.MavenPageObject.CompanyTest" name="companyTest" time="0.006">
    <failure type="java.lang.NullPointerException">
      <![CDATA[java.lang.NullPointerException
at java.base/java.util.Objects.requireNonNull(Objects.java:222)
at org.openqa.selenium.support.ui.FluentWait.<init>(FluentWait.java:106)
at org.openqa.selenium.support.ui.WebDriverWait.<init>(WebDriverWait.java:85)
at org.openqa.selenium.support.ui.WebDriverWait.<init>(WebDriverWait.java:45)
at basePackage.BasePge.getWait(BasePge.java:73)
at basePackage.BasePge.setData(BasePge.java:34)
at testPage.MavenPageObject.Login.loginToApplication(Login.java:24)
at testPage.MavenPageObject.CompanyTest.companyTest(CompanyTest.java:26)
at java.base/java.util.ArrayList.forEach(ArrayList.java:1511)
... Removed 27 stack frames]]>
    </failure>
  </testcase> <!-- companyTest -->
  <testcase classname="testPage.MavenPageObject.ClientTest" name="companyTest" time="0.006">
    <failure type="java.lang.NullPointerException">
      <![CDATA[java.lang.NullPointerException
at java.base/java.util.Objects.requireNonNull(Objects.java:222)
at org.openqa.selenium.support.ui.FluentWait.<init>(FluentWait.java:106)
at org.openqa.selenium.support.ui.WebDriverWait.<init>(WebDriverWait.java:85)
at org.openqa.selenium.support.ui.WebDriverWait.<init>(WebDriverWait.java:45)
at basePackage.BasePge.getWait(BasePge.java:73)
at basePackage.BasePge.setData(BasePge.java:34)
at testPage.MavenPageObject.Login.loginToApplication(Login.java:24)
at testPage.MavenPageObject.ClientTest.companyTest(ClientTest.java:27)
at java.base/java.util.ArrayList.forEach(ArrayList.java:1511)
... Removed 27 stack frames]]>
    </failure>
  </testcase> <!-- companyTest -->
  <testcase classname="basePackage.BaseTest" name="@AfterTest closeDriver" time="0.0">
    <ignored/>
  </testcase> <!-- @AfterTest closeDriver -->
  <testcase classname="basePackage.BaseTest" name="@AfterTest closeDriver" time="0.0">
    <ignored/>
  </testcase> <!-- @AfterTest closeDriver -->
  <testcase classname="basePackage.BaseTest" name="@BeforeTest initializeDriver" time="0.0">
    <ignored/>
  </testcase> <!-- @BeforeTest initializeDriver -->
  <testcase classname="basePackage.BaseTest" name="@BeforeTest initializeDriver" time="0.0">
    <ignored/>
  </testcase> <!-- @BeforeTest initializeDriver -->
</testsuite> <!-- Chrome_Qa Payable -->
